# JRE version: Java(TM) SE Runtime Environment (8.0_261-b12) (build 1.8.0_261-b12)
# Java VM: Java HotSpot(TM) 64-Bit Server VM (25.261-b12 mixed mode windows-amd64 compressed oops)
Heap:
 PSYoungGen      total 146432K, used 2605K [0x00000000d5b00000, 0x00000000dfb00000, 0x0000000100000000)
  eden space 132096K, 1% used [0x00000000d5b00000,0x00000000d5d8b758,0x00000000ddc00000)
  from space 14336K, 0% used [0x00000000deb00000,0x00000000deb00000,0x00000000df900000)
  to   space 15360K, 0% used [0x00000000ddc00000,0x00000000ddc00000,0x00000000deb00000)
 ParOldGen       total 81408K, used 20373K [0x0000000081000000, 0x0000000085f80000, 0x00000000d5b00000)
  object space 81408K, 25% used [0x0000000081000000,0x00000000823e5608,0x0000000085f80000)
 Metaspace       used 21075K, capacity 21330K, committed 21504K, reserved 1069056K
  class space    used 2683K, capacity 2783K, committed 2816K, reserved 1048576K
GC Heap History (10 events):
Event: 0.744 GC heap before
{Heap before GC invocations=3 (full 0):
 PSYoungGen      total 38400K, used 38379K [0x00000000d5b00000, 0x00000000da600000, 0x0000000100000000)
  eden space 33280K, 100% used [0x00000000d5b00000,0x00000000d7b80000,0x00000000d7b80000)
  from space 5120K, 99% used [0x00000000d8080000,0x00000000d857af10,0x00000000d8580000)
  to   space 5120K, 0% used [0x00000000d7b80000,0x00000000d7b80000,0x00000000d8080000)
 ParOldGen       total 87552K, used 10534K [0x0000000081000000, 0x0000000086580000, 0x00000000d5b00000)
  object space 87552K, 12% used [0x0000000081000000,0x0000000081a499a0,0x0000000086580000)
 Metaspace       used 11709K, capacity 11828K, committed 12032K, reserved 1060864K
  class space    used 1496K, capacity 1526K, committed 1536K, reserved 1048576K
Event: 0.749 GC heap after
Heap after GC invocations=3 (full 0):
 PSYoungGen      total 38400K, used 5118K [0x00000000d5b00000, 0x00000000da600000, 0x0000000100000000)
  eden space 33280K, 0% used [0x00000000d5b00000,0x00000000d5b00000,0x00000000d7b80000)
  from space 5120K, 99% used [0x00000000d7b80000,0x00000000d807f970,0x00000000d8080000)
  to   space 5120K, 0% used [0x00000000da100000,0x00000000da100000,0x00000000da600000)
 ParOldGen       total 87552K, used 17144K [0x0000000081000000, 0x0000000086580000, 0x00000000d5b00000)
  object space 87552K, 19% used [0x0000000081000000,0x00000000820be1e0,0x0000000086580000)
 Metaspace       used 11709K, capacity 11828K, committed 12032K, reserved 1060864K
  class space    used 1496K, capacity 1526K, committed 1536K, reserved 1048576K
}
Event: 1.033 GC heap before
{Heap before GC invocations=4 (full 0):
 PSYoungGen      total 38400K, used 38398K [0x00000000d5b00000, 0x00000000da600000, 0x0000000100000000)
  eden space 33280K, 100% used [0x00000000d5b00000,0x00000000d7b80000,0x00000000d7b80000)
  from space 5120K, 99% used [0x00000000d7b80000,0x00000000d807f970,0x00000000d8080000)
  to   space 5120K, 0% used [0x00000000da100000,0x00000000da100000,0x00000000da600000)
 ParOldGen       total 87552K, used 17144K [0x0000000081000000, 0x0000000086580000, 0x00000000d5b00000)
  object space 87552K, 19% used [0x0000000081000000,0x00000000820be1e0,0x0000000086580000)
 Metaspace       used 15912K, capacity 16074K, committed 16256K, reserved 1062912K
  class space    used 2082K, capacity 2143K, committed 2176K, reserved 1048576K
Event: 1.039 GC heap after
Heap after GC invocations=4 (full 0):
 PSYoungGen      total 71680K, used 5115K [0x00000000d5b00000, 0x00000000da600000, 0x0000000100000000)
  eden space 66560K, 0% used [0x00000000d5b00000,0x00000000d5b00000,0x00000000d9c00000)
  from space 5120K, 99% used [0x00000000da100000,0x00000000da5feef0,0x00000000da600000)
  to   space 5120K, 0% used [0x00000000d9c00000,0x00000000d9c00000,0x00000000da100000)
 ParOldGen       total 87552K, used 23637K [0x0000000081000000, 0x0000000086580000, 0x00000000d5b00000)
  object space 87552K, 26% used [0x0000000081000000,0x0000000082715770,0x0000000086580000)
 Metaspace       used 15912K, capacity 16074K, committed 16256K, reserved 1062912K
  class space    used 2082K, capacity 2143K, committed 2176K, reserved 1048576K
}
Event: 1.595 GC heap before
{Heap before GC invocations=5 (full 0):
 PSYoungGen      total 71680K, used 71675K [0x00000000d5b00000, 0x00000000da600000, 0x0000000100000000)
  eden space 66560K, 100% used [0x00000000d5b00000,0x00000000d9c00000,0x00000000d9c00000)
  from space 5120K, 99% used [0x00000000da100000,0x00000000da5feef0,0x00000000da600000)
  to   space 5120K, 0% used [0x00000000d9c00000,0x00000000d9c00000,0x00000000da100000)
 ParOldGen       total 87552K, used 23637K [0x0000000081000000, 0x0000000086580000, 0x00000000d5b00000)
  object space 87552K, 26% used [0x0000000081000000,0x0000000082715770,0x0000000086580000)
 Metaspace       used 20088K, capacity 20370K, committed 20608K, reserved 1067008K
  class space    used 2573K, capacity 2655K, committed 2688K, reserved 1048576K
Event: 1.603 GC heap after
Heap after GC invocations=5 (full 0):
 PSYoungGen      total 71680K, used 5099K [0x00000000d5b00000, 0x00000000df900000, 0x0000000100000000)
  eden space 66560K, 0% used [0x00000000d5b00000,0x00000000d5b00000,0x00000000d9c00000)
  from space 5120K, 99% used [0x00000000d9c00000,0x00000000da0faf10,0x00000000da100000)
  to   space 14336K, 0% used [0x00000000deb00000,0x00000000deb00000,0x00000000df900000)
 ParOldGen       total 87552K, used 29561K [0x0000000081000000, 0x0000000086580000, 0x00000000d5b00000)
  object space 87552K, 33% used [0x0000000081000000,0x0000000082cde730,0x0000000086580000)
 Metaspace       used 20088K, capacity 20370K, committed 20608K, reserved 1067008K
  class space    used 2573K, capacity 2655K, committed 2688K, reserved 1048576K
}
Event: 1.755 GC heap before
{Heap before GC invocations=6 (full 0):
 PSYoungGen      total 71680K, used 15722K [0x00000000d5b00000, 0x00000000df900000, 0x0000000100000000)
  eden space 66560K, 15% used [0x00000000d5b00000,0x00000000d655fa40,0x00000000d9c00000)
  from space 5120K, 99% used [0x00000000d9c00000,0x00000000da0faf10,0x00000000da100000)
  to   space 14336K, 0% used [0x00000000deb00000,0x00000000deb00000,0x00000000df900000)
 ParOldGen       total 87552K, used 29561K [0x0000000081000000, 0x0000000086580000, 0x00000000d5b00000)
  object space 87552K, 33% used [0x0000000081000000,0x0000000082cde730,0x0000000086580000)
 Metaspace       used 20884K, capacity 21074K, committed 21248K, reserved 1067008K
  class space    used 2653K, capacity 2719K, committed 2816K, reserved 1048576K
Event: 1.760 GC heap after
Heap after GC invocations=6 (full 0):
 PSYoungGen      total 146432K, used 5600K [0x00000000d5b00000, 0x00000000dfb00000, 0x0000000100000000)
  eden space 132096K, 0% used [0x00000000d5b00000,0x00000000d5b00000,0x00000000ddc00000)
  from space 14336K, 39% used [0x00000000deb00000,0x00000000df0781f8,0x00000000df900000)
  to   space 15360K, 0% used [0x00000000ddc00000,0x00000000ddc00000,0x00000000deb00000)
 ParOldGen       total 87552K, used 29569K [0x0000000081000000, 0x0000000086580000, 0x00000000d5b00000)
  object space 87552K, 33% used [0x0000000081000000,0x0000000082ce0730,0x0000000086580000)
 Metaspace       used 20884K, capacity 21074K, committed 21248K, reserved 1067008K
  class space    used 2653K, capacity 2719K, committed 2816K, reserved 1048576K
}
Event: 1.760 GC heap before
{Heap before GC invocations=7 (full 1):
 PSYoungGen      total 146432K, used 5600K [0x00000000d5b00000, 0x00000000dfb00000, 0x0000000100000000)
  eden space 132096K, 0% used [0x00000000d5b00000,0x00000000d5b00000,0x00000000ddc00000)
  from space 14336K, 39% used [0x00000000deb00000,0x00000000df0781f8,0x00000000df900000)
  to   space 15360K, 0% used [0x00000000ddc00000,0x00000000ddc00000,0x00000000deb00000)
 ParOldGen       total 87552K, used 29569K [0x0000000081000000, 0x0000000086580000, 0x00000000d5b00000)
  object space 87552K, 33% used [0x0000000081000000,0x0000000082ce0730,0x0000000086580000)
 Metaspace       used 20884K, capacity 21074K, committed 21248K, reserved 1067008K
  class space    used 2653K, capacity 2719K, committed 2816K, reserved 1048576K
Event: 1.797 GC heap after
Heap after GC invocations=7 (full 1):
 PSYoungGen      total 146432K, used 0K [0x00000000d5b00000, 0x00000000dfb00000, 0x0000000100000000)
  eden space 132096K, 0% used [0x00000000d5b00000,0x00000000d5b00000,0x00000000ddc00000)
  from space 14336K, 0% used [0x00000000deb00000,0x00000000deb00000,0x00000000df900000)
  to   space 15360K, 0% used [0x00000000ddc00000,0x00000000ddc00000,0x00000000deb00000)
 ParOldGen       total 81408K, used 20373K [0x0000000081000000, 0x0000000085f80000, 0x00000000d5b00000)
  object space 81408K, 25% used [0x0000000081000000,0x00000000823e5608,0x0000000085f80000)
 Metaspace       used 20884K, capacity 21074K, committed 21248K, reserved 1067008K
  class space    used 2653K, capacity 2719K, committed 2816K, reserved 1048576K
}

